#
# There is insufficient memory for the Java Runtime Environment to continue.
# Native memory allocation (mmap) failed to map 132120576 bytes for Failed to commit area from 0x0000000082a00000 to 0x000000008a800000 of length 132120576.
# Possible reasons:
#   The system is out of physical RAM or swap space
#   The process is running with CompressedOops enabled, and the Java Heap may be blocking the growth of the native heap
# Possible solutions:
#   Reduce memory load on the system
#   Increase physical memory or swap space
#   Check if swap backing store is full
#   Decrease Java heap size (-Xmx/-Xms)
#   Decrease number of Java threads
#   Decrease Java thread stack sizes (-Xss)
#   Set larger code cache with -XX:ReservedCodeCacheSize=
# This output file may be truncated or incomplete.
#
#  Out of Memory Error (./open/src/hotspot/os/windows/os_windows.cpp:3284), pid=11636, tid=788
#
# JRE version:  (11.0.14+8) (build )
# Java VM: Java HotSpot(TM) 64-Bit Server VM (11.0.14+8-LTS-263, mixed mode, sharing, tiered, compressed oops, g1 gc, windows-amd64)
# No core dump will be written. Minidumps are not enabled by default on client versions of Windows
#

---------------  S U M M A R Y ------------

Command Line: -Dfile.encoding=MS949 step01.Test

Host: Intel(R) Core(TM) i7-10700 CPU @ 2.90GHz, 16 cores, 7G,  Windows 10 , 64 bit Build 19041 (10.0.19041.1645)
Time: Wed May 18 16:21:09 2022 대한민국 표준시 elapsed time: 0.006750 seconds (0d 0h 0m 0s)

---------------  T H R E A D  ---------------

Current thread (0x000001472a215800):  JavaThread "Unknown thread" [_thread_in_vm, id=788, stack(0x00000040c2a00000,0x00000040c2b00000)]

Stack: [0x00000040c2a00000,0x00000040c2b00000]
Native frames: (J=compiled Java code, j=interpreted, Vv=VM code, C=native code)
V  [jvm.dll+0x6296da]
V  [jvm.dll+0x76323f]
V  [jvm.dll+0x7648e9]
V  [jvm.dll+0x764f73]
V  [jvm.dll+0x23d7c8]
V  [jvm.dll+0x626a5a]
V  [jvm.dll+0x61b7f5]
V  [jvm.dll+0x2f262c]
V  [jvm.dll+0x2f24b2]
V  [jvm.dll+0x2f71d6]
V  [jvm.dll+0x339bdf]
V  [jvm.dll+0x339610]
V  [jvm.dll+0x2cfc48]
V  [jvm.dll+0x2d0db6]
V  [jvm.dll+0x73d857]
V  [jvm.dll+0x73f0ef]
V  [jvm.dll+0x346909]
V  [jvm.dll+0x723160]
V  [jvm.dll+0x3b551f]
V  [jvm.dll+0x3b7631]
C  [jli.dll+0x5207]
C  [ucrtbase.dll+0x21bb2]
C  [KERNEL32.DLL+0x17034]
C  [ntdll.dll+0x52651]


---------------  P R O C E S S  ---------------

Threads class SMR info:
_java_thread_list=0x0000014727fc5c70, length=0, elements={
}

Java Threads: ( => current thread )

Other Threads:
  0x000001472a22c000 GCTaskThread "GC Thread#0" [stack: 0x00000040c2b00000,0x00000040c2c00000] [id=7632]
  0x000001472a25d800 ConcurrentGCThread "G1 Main Marker" [stack: 0x00000040c2c00000,0x00000040c2d00000] [id=4428]
  0x000001472a260000 ConcurrentGCThread "G1 Conc#0" [stack: 0x00000040c2d00000,0x00000040c2e00000] [id=7436]

[error occurred during error reporting (printing all threads), id 0xc0000005, EXCEPTION_ACCESS_VIOLATION (0xc0000005) at pc=0x00007ff98902eed7]

VM state:not at safepoint (not fully initialized)

VM Mutex/Monitor currently owned by a thread:  ([mutex/lock_event])
[0x000001472a212290] Heap_lock - owner thread: 0x000001472a215800

Heap address: 0x0000000082a00000, size: 2006 MB, Compressed Oops mode: Non-zero based: 0x0000000082a00000
Narrow klass base: 0x0000000000000000, Narrow klass shift: 0

GC Heap History (0 events):
No events

Deoptimization events (0 events):
No events

Classes redefined (0 events):
No events

Internal exceptions (0 events):
No events

Events (0 events):
No events


Dynamic libraries:
0x00007ff745390000 - 0x00007ff74539f000 	C:\Program Files\Java\jdk-11.0.14\bin\javaw.exe
0x00007ff9c50d0000 - 0x00007ff9c52c5000 	C:\Windows\SYSTEM32\ntdll.dll
0x00007ff9c4dc0000 - 0x00007ff9c4e7e000 	C:\Windows\System32\KERNEL32.DLL
0x00007ff9c2cf0000 - 0x00007ff9c2fb8000 	C:\Windows\System32\KERNELBASE.dll
0x00007ff9c2fc0000 - 0x00007ff9c30c0000 	C:\Windows\System32\ucrtbase.dll
0x00007ff9bbec0000 - 0x00007ff9bbed8000 	C:\Program Files\Java\jdk-11.0.14\bin\jli.dll
0x00007ff9bbea0000 - 0x00007ff9bbeb5000 	C:\Program Files\Java\jdk-11.0.14\bin\VCRUNTIME140.dll
0x00007ff9c3d80000 - 0x00007ff9c3e2e000 	C:\Windows\System32\ADVAPI32.dll
0x00007ff9c41b0000 - 0x00007ff9c424e000 	C:\Windows\System32\msvcrt.dll
0x00007ff9c3c70000 - 0x00007ff9c3d0c000 	C:\Windows\System32\sechost.dll
0x00007ff9c3b40000 - 0x00007ff9c3c65000 	C:\Windows\System32\RPCRT4.dll
0x00007ff9c4ee0000 - 0x00007ff9c5080000 	C:\Windows\System32\USER32.dll
0x00007ff9b9e80000 - 0x00007ff9ba11a000 	C:\Windows\WinSxS\amd64_microsoft.windows.common-controls_6595b64144ccf1df_6.0.19041.1110_none_60b5254171f9507e\COMCTL32.dll
0x00007ff9c28c0000 - 0x00007ff9c28e2000 	C:\Windows\System32\win32u.dll
0x00007ff9c4170000 - 0x00007ff9c419a000 	C:\Windows\System32\GDI32.dll
0x00007ff9c2b50000 - 0x00007ff9c2c5b000 	C:\Windows\System32\gdi32full.dll
0x00007ff9c27f0000 - 0x00007ff9c288d000 	C:\Windows\System32\msvcp_win.dll
0x00007ff9bd5c0000 - 0x00007ff9bd5ca000 	C:\Windows\SYSTEM32\VERSION.dll
0x00007ff9c4d90000 - 0x00007ff9c4dc0000 	C:\Windows\System32\IMM32.DLL
0x00007ff996010000 - 0x00007ff9960ab000 	C:\Program Files\Java\jdk-11.0.14\bin\msvcp140.dll
0x00007ff988d50000 - 0x00007ff989866000 	C:\Program Files\Java\jdk-11.0.14\bin\server\jvm.dll
0x00007ff9c5080000 - 0x00007ff9c5088000 	C:\Windows\System32\PSAPI.DLL
0x00007ff9aa400000 - 0x00007ff9aa409000 	C:\Windows\SYSTEM32\WSOCK32.dll
0x00007ff9bb6c0000 - 0x00007ff9bb6e7000 	C:\Windows\SYSTEM32\WINMM.dll
0x00007ff9c4d20000 - 0x00007ff9c4d8b000 	C:\Windows\System32\WS2_32.dll
0x00007ff9c0730000 - 0x00007ff9c0742000 	C:\Windows\SYSTEM32\kernel.appcore.dll
0x00007ff9bb980000 - 0x00007ff9bb990000 	C:\Program Files\Java\jdk-11.0.14\bin\verify.dll
0x00007ff9aaaa0000 - 0x00007ff9aac84000 	C:\Windows\SYSTEM32\DBGHELP.DLL
0x00007ff9aaa70000 - 0x00007ff9aaa9c000 	C:\Windows\SYSTEM32\dbgcore.DLL
0x00007ff9c2c60000 - 0x00007ff9c2ce2000 	C:\Windows\System32\bcryptPrimitives.dll
0x00007ff9a00d0000 - 0x00007ff9a00f8000 	C:\Program Files\Java\jdk-11.0.14\bin\java.dll
0x00007ff9b7fb0000 - 0x00007ff9b7fba000 	C:\Program Files\Java\jdk-11.0.14\bin\jimage.dll
0x00007ff99b670000 - 0x00007ff99b686000 	C:\Program Files\Java\jdk-11.0.14\bin\zip.dll

dbghelp: loaded successfully - version: 4.0.5 - missing functions: none
symbol engine: initialized successfully - sym options: 0x614 - pdb path: .;C:\Program Files\Java\jdk-11.0.14\bin;C:\Windows\SYSTEM32;C:\Windows\WinSxS\amd64_microsoft.windows.common-controls_6595b64144ccf1df_6.0.19041.1110_none_60b5254171f9507e;C:\Program Files\Java\jdk-11.0.14\bin\server

VM Arguments:
jvm_args: -Dfile.encoding=MS949 
java_command: step01.Test
java_class_path (initial): C:\Users\WU\eclipse-workspace\TeamProject\bin
Launcher Type: SUN_STANDARD

[Global flags]
     intx CICompilerCount                          = 12                                        {product} {ergonomic}
     uint ConcGCThreads                            = 3                                         {product} {ergonomic}
     uint G1ConcRefinementThreads                  = 13                                        {product} {ergonomic}
   size_t G1HeapRegionSize                         = 1048576                                   {product} {ergonomic}
    uintx GCDrainStackTargetSize                   = 64                                        {product} {ergonomic}
   size_t InitialHeapSize                          = 132120576                                 {product} {ergonomic}
   size_t MarkStackSize                            = 4194304                                   {product} {ergonomic}
   size_t MaxHeapSize                              = 2103443456                                {product} {ergonomic}
   size_t MinHeapDeltaBytes                        = 1048576                                   {product} {ergonomic}
    uintx NonNMethodCodeHeapSize                   = 7594288                                {pd product} {ergonomic}
    uintx NonProfiledCodeHeapSize                  = 122031976                              {pd product} {ergonomic}
    uintx ProfiledCodeHeapSize                     = 122031976                              {pd product} {ergonomic}
    uintx ReservedCodeCacheSize                    = 251658240                              {pd product} {ergonomic}
     bool SegmentedCodeCache                       = true                                      {product} {ergonomic}
     bool UseCompressedClassPointers               = true                                 {lp64_product} {ergonomic}
     bool UseCompressedOops                        = true                                 {lp64_product} {ergonomic}
     bool UseG1GC                                  = true                                      {product} {ergonomic}
     bool UseLargePagesIndividualAllocation        = false                                  {pd product} {ergonomic}

Logging:
Log output configuration:
 #0: stdout all=warning uptime,level,tags
 #1: stderr all=off uptime,level,tags

Environment Variables:
PATH=C:/Program Files/Java/jdk-11.0.14/bin/server;C:/Program Files/Java/jdk-11.0.14/bin;C:\Program Files (x86)\VMware\VMware Player\bin\;C:\oraclexe\app\oracle\product\11.2.0\server\bin;C:\Program Files\Common Files\Oracle\Java\javapath;C:\Windows\system32;C:\Windows;C:\Windows\System32\Wbem;C:\Windows\System32\WindowsPowerShell\v1.0\;C:\Windows\System32\OpenSSH\;C:\Program Files\Git\cmd;%Java_HOME\bin;C:\Users\WU\AppData\Local\Microsoft\WindowsApps;C:\Program Files\Bandizip\;C:\Users\WU\Desktop;
USERNAME=WU
OS=Windows_NT
PROCESSOR_IDENTIFIER=Intel64 Family 6 Model 165 Stepping 5, GenuineIntel



---------------  S Y S T E M  ---------------

OS: Windows 10 , 64 bit Build 19041 (10.0.19041.1645)

CPU:total 16 (initial active 16) (8 cores per cpu, 2 threads per core) family 6 model 165 stepping 5 microcode 0xec, cmov, cx8, fxsr, mmx, sse, sse2, sse3, ssse3, sse4.1, sse4.2, popcnt, avx, avx2, aes, clmul, erms, 3dnowpref, lzcnt, ht, tsc, tscinvbit, bmi1, bmi2, adx, fma

Memory: 4k page, system-wide physical 8021M (2771M free)
TotalPageFile size 13771M (AvailPageFile size 69M)
current process WorkingSet (physical memory assigned to process): 9M, peak: 9M
current process commit charge ("private bytes"): 70M, peak: 196M

vm_info: Java HotSpot(TM) 64-Bit Server VM (11.0.14+8-LTS-263) for windows-amd64 JRE (11.0.14+8-LTS-263), built on Dec  7 2021 21:53:57 by "mach5one" with MS VC++ 15.9 (VS2017)

END.
